<?xml version="1.0" encoding="UTF-8"?>
<!-- Generated by org.testng.reporters.JUnitXMLReporter -->
<testsuite ignored="0" hostname="Dell-Inspiron-5570" failures="0" tests="3" name="Surefire test" time="15.343" errors="0" timestamp="2019-11-20T16:43:07 CET">
  <testcase classname="net.phptravels.HomePageTest" name="validateAccountDropDown" time="0.072"/>
  <testcase classname="net.phptravels.HomePageTest" name="validateEurCurrency" time="0.038"/>
  <testcase classname="net.phptravels.HomePageTest" name="validateNavBar" time="0.033"/>
</testsuite> <!-- Surefire test -->
