<?xml version="1.0" encoding="UTF-8"?>
<!-- Generated by org.testng.reporters.JUnitXMLReporter -->
<testsuite hostname="Dell-Inspiron-5570" ignored="0" name="Home Page Test" tests="4" failures="0" timestamp="2019-11-29T15:50:47 CET" time="0.078" errors="0">
  <testcase name="validateAccountDropDown" time="0.0" classname="net.phptravels.HomePageTest">
    <skipped/>
  </testcase> <!-- validateAccountDropDown -->
  <testcase name="validateEurCurrency" time="0.0" classname="net.phptravels.HomePageTest">
    <skipped/>
  </testcase> <!-- validateEurCurrency -->
  <testcase name="validateNavBar" time="0.0" classname="net.phptravels.HomePageTest">
    <skipped/>
  </testcase> <!-- validateNavBar -->
  <testcase name="validateText" time="0.0" classname="net.phptravels.HomePageTest">
    <skipped/>
  </testcase> <!-- validateText -->
</testsuite> <!-- Home Page Test -->
