<?xml version="1.0" encoding="UTF-8"?>
<!-- Generated by org.testng.reporters.JUnitXMLReporter -->
<testsuite hostname="Dell-Inspiron-5570" ignored="0" name="SignUp Page Test" tests="1" failures="0" timestamp="2019-11-29T15:50:47 CET" time="0.015" errors="0">
  <testcase name="@BeforeTest initialize" time="0.0" classname="net.phptravels.SignUpPageTest">
    <failure type="java.lang.NullPointerException">
      <![CDATA[java.lang.NullPointerException
at resources.Base.initializeDriver(Base.java:33)
at net.phptravels.SignUpPageTest.initialize(SignUpPageTest.java:26)
... Removed 24 stack frames]]>
    </failure>
  </testcase> <!-- @BeforeTest initialize -->
  <testcase name="@AfterTest tearDown" time="-1.575039047359E9" classname="net.phptravels.SignUpPageTest">
    <skipped/>
  </testcase> <!-- @AfterTest tearDown -->
  <testcase name="registerOneUser" time="0.0" classname="net.phptravels.SignUpPageTest">
    <skipped/>
  </testcase> <!-- registerOneUser -->
</testsuite> <!-- SignUp Page Test -->
