<?xml version="1.0" encoding="UTF-8"?>
<!-- Generated by org.testng.reporters.JUnitXMLReporter -->
<testsuite ignored="0" hostname="Dell-Inspiron-5570" failures="0" tests="3" name="Test" time="0.047" errors="0" timestamp="2019-11-20T19:48:40 CET">
  <testcase classname="net.phptravels.HomePageTest" name="@BeforeTest initialize" time="0.0">
    <failure type="java.lang.NullPointerException">
      <![CDATA[java.lang.NullPointerException
at resources.Base.initializeDriver(Base.java:29)
at net.phptravels.HomePageTest.initialize(HomePageTest.java:20)
... Removed 24 stack frames]]>
    </failure>
  </testcase> <!-- @BeforeTest initialize -->
  <testcase classname="net.phptravels.HomePageTest" name="@AfterTest closeDriver" time="-1.574275720117E9">
    <skipped/>
  </testcase> <!-- @AfterTest closeDriver -->
  <testcase classname="net.phptravels.HomePageTest" name="validateAccountDropDown" time="0.0">
    <skipped/>
  </testcase> <!-- validateAccountDropDown -->
  <testcase classname="net.phptravels.HomePageTest" name="validateEurCurrency" time="0.0">
    <skipped/>
  </testcase> <!-- validateEurCurrency -->
  <testcase classname="net.phptravels.HomePageTest" name="validateNavBar" time="0.0">
    <skipped/>
  </testcase> <!-- validateNavBar -->
</testsuite> <!-- Test -->
