<?xml version="1.0" encoding="UTF-8"?>
<!-- Generated by org.testng.reporters.JUnitXMLReporter -->
<testsuite ignored="0" hostname="Dell-Inspiron-5570" failures="1" tests="4" name="Home Page Test" time="13.887" errors="0" timestamp="2019-11-20T21:18:19 CET">
  <testcase classname="net.phptravels.HomePageTest" name="validateAccountDropDown" time="0.112"/>
  <testcase classname="net.phptravels.HomePageTest" name="validateEurCurrency" time="0.076"/>
  <testcase classname="net.phptravels.HomePageTest" name="validateNavBar" time="0.052"/>
  <testcase classname="net.phptravels.HomePageTest" name="validateText" time="0.076">
    <failure type="junit.framework.ComparisonFailure" message="expected:&amp;lt;...s&amp;gt; but was:&amp;lt;...123&amp;gt;">
      <![CDATA[junit.framework.ComparisonFailure: expected:<...s> but was:<...123>
at junit.framework.Assert.assertEquals(Assert.java:81)
at junit.framework.Assert.assertEquals(Assert.java:87)
at net.phptravels.HomePageTest.validateText(HomePageTest.java:52)
at java.base/java.util.ArrayList.forEach(ArrayList.java:1540)
... Removed 31 stack frames]]>
    </failure>
  </testcase> <!-- validateText -->
</testsuite> <!-- Home Page Test -->
