<?xml version="1.0" encoding="UTF-8"?>
<!-- Generated by org.testng.reporters.JUnitXMLReporter -->
<testsuite ignored="0" hostname="Dell-Inspiron-5570" failures="0" tests="3" name="Test" time="15.073" errors="0" timestamp="2019-11-20T19:43:39 CET">
  <testcase classname="net.phptravels.HomePageTest" name="validateAccountDropDown" time="0.068"/>
  <testcase classname="net.phptravels.HomePageTest" name="validateEurCurrency" time="0.036"/>
  <testcase classname="net.phptravels.HomePageTest" name="validateNavBar" time="0.032"/>
</testsuite> <!-- Test -->
