<?xml version="1.0" encoding="UTF-8"?>
<testng-results ignored="0" total="4" passed="3" failed="1" skipped="0">
  <reporter-output>
  </reporter-output>
  <suite started-at="2019-11-20T21:18:05 CET" name="Suite" finished-at="2019-11-20T21:18:19 CET" duration-ms="13949">
    <groups>
    </groups>
    <test started-at="2019-11-20T21:18:05 CET" name="App Test" finished-at="2019-11-20T21:18:05 CET" duration-ms="15">
    </test> <!-- App Test -->
    <test started-at="2019-11-20T21:18:05 CET" name="Home Page Test" finished-at="2019-11-20T21:18:19 CET" duration-ms="13887">
      <class name="net.phptravels.HomePageTest">
        <test-method is-config="true" signature="initialize()[pri:0, instance:net.phptravels.HomePageTest@58399d82]" started-at="2019-11-20T21:18:05 CET" name="initialize" finished-at="2019-11-20T21:18:14 CET" duration-ms="8930" status="PASS">
          <reporter-output>
          </reporter-output>
        </test-method> <!-- initialize -->
        <test-method signature="validateAccountDropDown()[pri:0, instance:net.phptravels.HomePageTest@58399d82]" started-at="2019-11-20T21:18:14 CET" name="validateAccountDropDown" finished-at="2019-11-20T21:18:14 CET" duration-ms="112" status="PASS">
          <reporter-output>
          </reporter-output>
        </test-method> <!-- validateAccountDropDown -->
        <test-method signature="validateEurCurrency()[pri:0, instance:net.phptravels.HomePageTest@58399d82]" started-at="2019-11-20T21:18:14 CET" name="validateEurCurrency" finished-at="2019-11-20T21:18:14 CET" duration-ms="76" status="PASS">
          <reporter-output>
          </reporter-output>
        </test-method> <!-- validateEurCurrency -->
        <test-method signature="validateNavBar()[pri:0, instance:net.phptravels.HomePageTest@58399d82]" started-at="2019-11-20T21:18:14 CET" name="validateNavBar" finished-at="2019-11-20T21:18:14 CET" duration-ms="52" status="PASS">
          <reporter-output>
          </reporter-output>
        </test-method> <!-- validateNavBar -->
        <test-method signature="validateText()[pri:0, instance:net.phptravels.HomePageTest@58399d82]" started-at="2019-11-20T21:18:14 CET" name="validateText" finished-at="2019-11-20T21:18:14 CET" duration-ms="76" status="FAIL">
          <exception class="junit.framework.ComparisonFailure">
            <message>
              <![CDATA[expected:<...s> but was:<...123>]]>
            </message>
            <full-stacktrace>
              <![CDATA[junit.framework.ComparisonFailure: expected:<...s> but was:<...123>
at junit.framework.Assert.assertEquals(Assert.java:81)
at junit.framework.Assert.assertEquals(Assert.java:87)
at net.phptravels.HomePageTest.validateText(HomePageTest.java:52)
at java.base/jdk.internal.reflect.NativeMethodAccessorImpl.invoke0(Native Method)
at java.base/jdk.internal.reflect.NativeMethodAccessorImpl.invoke(NativeMethodAccessorImpl.java:62)
at java.base/jdk.internal.reflect.DelegatingMethodAccessorImpl.invoke(DelegatingMethodAccessorImpl.java:43)
at java.base/java.lang.reflect.Method.invoke(Method.java:566)
at org.testng.internal.MethodInvocationHelper.invokeMethod(MethodInvocationHelper.java:133)
at org.testng.internal.TestInvoker.invokeMethod(TestInvoker.java:584)
at org.testng.internal.TestInvoker.invokeTestMethod(TestInvoker.java:172)
at org.testng.internal.MethodRunner.runInSequence(MethodRunner.java:46)
at org.testng.internal.TestInvoker$MethodInvocationAgent.invoke(TestInvoker.java:804)
at org.testng.internal.TestInvoker.invokeTestMethods(TestInvoker.java:145)
at org.testng.internal.TestMethodWorker.invokeTestMethods(TestMethodWorker.java:146)
at org.testng.internal.TestMethodWorker.run(TestMethodWorker.java:128)
at java.base/java.util.ArrayList.forEach(ArrayList.java:1540)
at org.testng.TestRunner.privateRun(TestRunner.java:770)
at org.testng.TestRunner.run(TestRunner.java:591)
at org.testng.SuiteRunner.runTest(SuiteRunner.java:402)
at org.testng.SuiteRunner.runSequentially(SuiteRunner.java:396)
at org.testng.SuiteRunner.privateRun(SuiteRunner.java:355)
at org.testng.SuiteRunner.run(SuiteRunner.java:304)
at org.testng.SuiteRunnerWorker.runSuite(SuiteRunnerWorker.java:53)
at org.testng.SuiteRunnerWorker.run(SuiteRunnerWorker.java:96)
at org.testng.TestNG.runSuitesSequentially(TestNG.java:1180)
at org.testng.TestNG.runSuitesLocally(TestNG.java:1102)
at org.testng.TestNG.runSuites(TestNG.java:1032)
at org.testng.TestNG.run(TestNG.java:1000)
at org.apache.maven.surefire.testng.TestNGExecutor.run(TestNGExecutor.java:283)
at org.apache.maven.surefire.testng.TestNGXmlTestSuite.execute(TestNGXmlTestSuite.java:75)
at org.apache.maven.surefire.testng.TestNGProvider.invoke(TestNGProvider.java:120)
at org.apache.maven.surefire.booter.ForkedBooter.invokeProviderInSameClassLoader(ForkedBooter.java:384)
at org.apache.maven.surefire.booter.ForkedBooter.runSuitesInProcess(ForkedBooter.java:345)
at org.apache.maven.surefire.booter.ForkedBooter.execute(ForkedBooter.java:126)
at org.apache.maven.surefire.booter.ForkedBooter.main(ForkedBooter.java:418)
]]>
            </full-stacktrace>
          </exception> <!-- junit.framework.ComparisonFailure -->
          <reporter-output>
          </reporter-output>
        </test-method> <!-- validateText -->
        <test-method is-config="true" signature="closeDriver()[pri:0, instance:net.phptravels.HomePageTest@58399d82]" started-at="2019-11-20T21:18:14 CET" name="closeDriver" finished-at="2019-11-20T21:18:19 CET" duration-ms="4181" status="PASS">
          <reporter-output>
          </reporter-output>
        </test-method> <!-- closeDriver -->
      </class> <!-- net.phptravels.HomePageTest -->
    </test> <!-- Home Page Test -->
  </suite> <!-- Suite -->
</testng-results>
