-------------------------------------------------------------------------------
Test set: TestSuite
-------------------------------------------------------------------------------
Tests run: 4, Failures: 1, Errors: 0, Skipped: 0, Time elapsed: 27.07 s <<< FAILURE! - in TestSuite
validateText(net.phptravels.HomePageTest)  Time elapsed: 0.488 s  <<< FAILURE!
junit.framework.ComparisonFailure: expected:<...s> but was:<...123>
	at net.phptravels.HomePageTest.validateText(HomePageTest.java:52)

